Using pre-set license
Built from '2020.3/china_unity/release' branch; Version is '2020.3.26f1c1 (cf0e0a163043) revision 13569546'; Using compiler version '192528614'; Build Type 'Release'
OS: 'Windows 10  (10.0.19043) 64bit CoreCountrySpecific' Language: 'zh' Physical Memory: 16235 MB
BatchMode: 1, IsHumanControllingUs: 0, StartBugReporterOnCrash: 0, Is64bit: 1, IsPro: 0

COMMAND LINE ARGUMENTS:
F:\Program Files (x86)\Unity\2020.3.26f1c1\Editor\Unity.exe
-adb2
-batchMode
-noUpm
-name
AssetImportWorker0
-projectPath
F:/Documents/Unity Project/Rudy's Adventure
-logFile
Logs/AssetImportWorker0.log
-srvPort
57829
Successfully changed project path to: F:/Documents/Unity Project/Rudy's Adventure
F:/Documents/Unity Project/Rudy's Adventure
Using Asset Import Pipeline V2.
AS: AutoStreaming module initializing.Refreshing native plugins compatible for Editor in 36.79 ms, found 3 plugins.
Preloading 0 native plugins for Editor in 0.00 ms.
Initialize engine version: 2020.3.26f1c1 (cf0e0a163043)
[Subsystems] Discovering subsystems at path F:/Program Files (x86)/Unity/2020.3.26f1c1/Editor/Data/Resources/UnitySubsystems
[Subsystems] Discovering subsystems at path F:/Documents/Unity Project/Rudy's Adventure/Assets
GfxDevice: creating device client; threaded=0
Direct3D:
    Version:  Direct3D 11.0 [level 11.1]
    Renderer: NVIDIA GeForce RTX 3060 Laptop GPU (ID=0x2560)
    Vendor:   
    VRAM:     6023 MB
    Driver:   30.0.15.1259
Initialize mono
Mono path[0] = 'F:/Program Files (x86)/Unity/2020.3.26f1c1/Editor/Data/Managed'
Mono path[1] = 'F:/Program Files (x86)/Unity/2020.3.26f1c1/Editor/Data/MonoBleedingEdge/lib/mono/unityjit'
Mono config path = 'F:/Program Files (x86)/Unity/2020.3.26f1c1/Editor/Data/MonoBleedingEdge/etc'
Using monoOptions --debugger-agent=transport=dt_socket,embedding=1,server=y,suspend=n,address=127.0.0.1:56020
Begin MonoManager ReloadAssembly
Registering precompiled unity dll's ...
Register platform support module: F:/Program Files (x86)/Unity/2020.3.26f1c1/Editor/Data/PlaybackEngines/WindowsStandaloneSupport/UnityEditor.WindowsStandalone.Extensions.dll
Registered in 0.000844 seconds.
Native extension for WindowsStandalone target not found
Refreshing native plugins compatible for Editor in 36.15 ms, found 3 plugins.
Preloading 0 native plugins for Editor in 0.00 ms.
Mono: successfully reloaded assembly
- Completed reload, in  0.418 seconds
Domain Reload Profiling:
	ReloadAssembly (419ms)
		BeginReloadAssembly (64ms)
			ExecutionOrderSort (0ms)
			DisableScriptedObjects (0ms)
			BackupInstance (0ms)
			ReleaseScriptingObjects (0ms)
			CreateAndSetChildDomain (1ms)
		EndReloadAssembly (306ms)
			LoadAssemblies (63ms)
			RebuildTransferFunctionScriptingTraits (0ms)
			SetupTypeCache (99ms)
			ReleaseScriptCaches (0ms)
			RebuildScriptCaches (20ms)
			SetupLoadedEditorAssemblies (122ms)
				LogAssemblyErrors (0ms)
				InitializePlatformSupportModulesInManaged (3ms)
				SetLoadedEditorAssemblies (0ms)
				RefreshPlugins (36ms)
				BeforeProcessingInitializeOnLoad (10ms)
				ProcessInitializeOnLoadAttributes (55ms)
				ProcessInitializeOnLoadMethodAttributes (18ms)
				AfterProcessingInitializeOnLoad (0ms)
				EditorAssembliesLoaded (0ms)
			ExecutionOrderSort2 (0ms)
			AwakeInstancesAfterBackupRestoration (0ms)
Platform modules already initialized, skipping
Registering precompiled user dll's ...
Registered in 0.003181 seconds.
Begin MonoManager ReloadAssembly
Native extension for WindowsStandalone target not found
Refreshing native plugins compatible for Editor in 33.63 ms, found 3 plugins.
Preloading 0 native plugins for Editor in 0.00 ms.
Mono: successfully reloaded assembly
- Completed reload, in  0.806 seconds
Domain Reload Profiling:
	ReloadAssembly (807ms)
		BeginReloadAssembly (125ms)
			ExecutionOrderSort (0ms)
			DisableScriptedObjects (3ms)
			BackupInstance (0ms)
			ReleaseScriptingObjects (0ms)
			CreateAndSetChildDomain (15ms)
		EndReloadAssembly (639ms)
			LoadAssemblies (102ms)
			RebuildTransferFunctionScriptingTraits (0ms)
			SetupTypeCache (212ms)
			ReleaseScriptCaches (0ms)
			RebuildScriptCaches (33ms)
			SetupLoadedEditorAssemblies (248ms)
				LogAssemblyErrors (0ms)
				InitializePlatformSupportModulesInManaged (2ms)
				SetLoadedEditorAssemblies (0ms)
				RefreshPlugins (34ms)
				BeforeProcessingInitializeOnLoad (53ms)
				ProcessInitializeOnLoadAttributes (144ms)
				ProcessInitializeOnLoadMethodAttributes (13ms)
				AfterProcessingInitializeOnLoad (2ms)
				EditorAssembliesLoaded (0ms)
			ExecutionOrderSort2 (0ms)
			AwakeInstancesAfterBackupRestoration (4ms)
Platform modules already initialized, skipping
========================================================================
Worker process is ready to serve import requests
Launched and connected shader compiler UnityShaderCompiler.exe after 0.04 seconds
Refreshing native plugins compatible for Editor in 0.44 ms, found 3 plugins.
Preloading 0 native plugins for Editor in 0.00 ms.
Unloading 2350 Unused Serialized files (Serialized files now loaded: 0)
System memory in use before: 103.8 MB.
System memory in use after: 104.0 MB.

Unloading 29 unused Assets to reduce memory usage. Loaded Objects now: 2786.
Total: 2.371500 ms (FindLiveObjects: 0.132000 ms CreateObjectMapping: 0.046100 ms MarkObjects: 2.125800 ms  DeleteObjects: 0.066600 ms)

AssetImportParameters requested are different than current active one (requested -> active):
  custom:framework-win-MediaFoundation: 216162199b28c13a410421893ffa2e32 -> 
  custom:video-decoder-ogg-theora: a1e56fd34408186e4bbccfd4996cb3dc -> 
  custom:container-muxer-webm: aa71ff27fc2769a1b78a27578f13a17b -> 
  custom:container-demuxer-webm: 4f35f7cbe854078d1ac9338744f61a02 -> 
  custom:container-demuxer-ogg: 62fdf1f143b41e24485cea50d1cbac27 -> 
  custom:video-encoder-webm-vp8: eb34c28f22e8b96e1ab97ce403110664 -> 
  custom:video-codec-MediaFoundation-h265: 746d11721c4dcdbdad8f713fa42b33f4 -> 
  custom:video-decoder-webm-vp8: 9c59270c3fd7afecdb556c50c9e8de78 -> 
  custom:audio-decoder-ogg-vorbis: bf7c407c2cedff20999df2af8eb42d56 -> 
  custom:audio-encoder-webm-vorbis: bf7c407c2cedff20999df2af8eb42d56 -> 
========================================================================
Received Import Request.
  path: Assets/Prefabs/Robot.prefab
  artifactKey: Guid(42951ff7e51d7c34eac347b329d74b46) Importer(815301076,1909f56bfc062723c751e8b465ee728b)
Start importing Assets/Prefabs/Robot.prefab using Guid(42951ff7e51d7c34eac347b329d74b46) Importer(815301076,1909f56bfc062723c751e8b465ee728b)  -> (artifact id: '44a93c3ad62cce93ba9cebea8c6a8c25') in 0.094045 seconds 
  Import took 0.098654 seconds .

========================================================================
Received Import Request.
  Time since last request: 17.865286 seconds.
  path: Assets/Prefabs/Robot.prefab
  artifactKey: Guid(42951ff7e51d7c34eac347b329d74b46) Importer(815301076,1909f56bfc062723c751e8b465ee728b)
Start importing Assets/Prefabs/Robot.prefab using Guid(42951ff7e51d7c34eac347b329d74b46) Importer(815301076,1909f56bfc062723c751e8b465ee728b)  -> (artifact id: 'b5b0e0899339fdc3fc8354132de0fa04') in 0.014431 seconds 
  Import took 0.018742 seconds .

========================================================================
Received Prepare
Registering precompiled user dll's ...
Registered in 0.003278 seconds.
Begin MonoManager ReloadAssembly
Native extension for WindowsStandalone target not found
Refreshing native plugins compatible for Editor in 0.47 ms, found 3 plugins.
Preloading 0 native plugins for Editor in 0.00 ms.
Mono: successfully reloaded assembly
- Completed reload, in  0.742 seconds
Domain Reload Profiling:
	ReloadAssembly (743ms)
		BeginReloadAssembly (108ms)
			ExecutionOrderSort (0ms)
			DisableScriptedObjects (4ms)
			BackupInstance (0ms)
			ReleaseScriptingObjects (0ms)
			CreateAndSetChildDomain (29ms)
		EndReloadAssembly (593ms)
			LoadAssemblies (97ms)
			RebuildTransferFunctionScriptingTraits (0ms)
			SetupTypeCache (215ms)
			ReleaseScriptCaches (1ms)
			RebuildScriptCaches (32ms)
			SetupLoadedEditorAssemblies (211ms)
				LogAssemblyErrors (0ms)
				InitializePlatformSupportModulesInManaged (3ms)
				SetLoadedEditorAssemblies (0ms)
				RefreshPlugins (1ms)
				BeforeProcessingInitializeOnLoad (58ms)
				ProcessInitializeOnLoadAttributes (139ms)
				ProcessInitializeOnLoadMethodAttributes (8ms)
				AfterProcessingInitializeOnLoad (1ms)
				EditorAssembliesLoaded (0ms)
			ExecutionOrderSort2 (0ms)
			AwakeInstancesAfterBackupRestoration (6ms)
Platform modules already initialized, skipping
Refreshing native plugins compatible for Editor in 0.46 ms, found 3 plugins.
Preloading 0 native plugins for Editor in 0.00 ms.
Unloading 2337 Unused Serialized files (Serialized files now loaded: 0)
System memory in use before: 106.2 MB.
System memory in use after: 106.4 MB.

Unloading 20 unused Assets to reduce memory usage. Loaded Objects now: 2795.
Total: 3.021900 ms (FindLiveObjects: 0.128500 ms CreateObjectMapping: 0.039900 ms MarkObjects: 2.807000 ms  DeleteObjects: 0.045700 ms)

AssetImportParameters requested are different than current active one (requested -> active):
  custom:framework-win-MediaFoundation: 216162199b28c13a410421893ffa2e32 -> 
  custom:video-decoder-ogg-theora: a1e56fd34408186e4bbccfd4996cb3dc -> 
  custom:container-muxer-webm: aa71ff27fc2769a1b78a27578f13a17b -> 
  custom:container-demuxer-webm: 4f35f7cbe854078d1ac9338744f61a02 -> 
  custom:container-demuxer-ogg: 62fdf1f143b41e24485cea50d1cbac27 -> 
  custom:video-encoder-webm-vp8: eb34c28f22e8b96e1ab97ce403110664 -> 
  custom:video-codec-MediaFoundation-h265: 746d11721c4dcdbdad8f713fa42b33f4 -> 
  custom:video-decoder-webm-vp8: 9c59270c3fd7afecdb556c50c9e8de78 -> 
  custom:audio-decoder-ogg-vorbis: bf7c407c2cedff20999df2af8eb42d56 -> 
  custom:audio-encoder-webm-vorbis: bf7c407c2cedff20999df2af8eb42d56 -> 
========================================================================
Received Prepare
Registering precompiled user dll's ...
Registered in 0.003613 seconds.
Begin MonoManager ReloadAssembly
Native extension for WindowsStandalone target not found
Refreshing native plugins compatible for Editor in 0.49 ms, found 3 plugins.
Preloading 0 native plugins for Editor in 0.00 ms.
Mono: successfully reloaded assembly
- Completed reload, in  0.806 seconds
Domain Reload Profiling:
	ReloadAssembly (807ms)
		BeginReloadAssembly (114ms)
			ExecutionOrderSort (0ms)
			DisableScriptedObjects (5ms)
			BackupInstance (0ms)
			ReleaseScriptingObjects (0ms)
			CreateAndSetChildDomain (28ms)
		EndReloadAssembly (647ms)
			LoadAssemblies (107ms)
			RebuildTransferFunctionScriptingTraits (0ms)
			SetupTypeCache (231ms)
			ReleaseScriptCaches (1ms)
			RebuildScriptCaches (34ms)
			SetupLoadedEditorAssemblies (231ms)
				LogAssemblyErrors (0ms)
				InitializePlatformSupportModulesInManaged (3ms)
				SetLoadedEditorAssemblies (0ms)
				RefreshPlugins (1ms)
				BeforeProcessingInitializeOnLoad (65ms)
				ProcessInitializeOnLoadAttributes (150ms)
				ProcessInitializeOnLoadMethodAttributes (10ms)
				AfterProcessingInitializeOnLoad (2ms)
				EditorAssembliesLoaded (0ms)
			ExecutionOrderSort2 (0ms)
			AwakeInstancesAfterBackupRestoration (7ms)
Platform modules already initialized, skipping
Refreshing native plugins compatible for Editor in 0.48 ms, found 3 plugins.
Preloading 0 native plugins for Editor in 0.00 ms.
Unloading 2337 Unused Serialized files (Serialized files now loaded: 0)
System memory in use before: 106.2 MB.
System memory in use after: 106.4 MB.

Unloading 18 unused Assets to reduce memory usage. Loaded Objects now: 2797.
Total: 2.540900 ms (FindLiveObjects: 0.135800 ms CreateObjectMapping: 0.049600 ms MarkObjects: 2.336200 ms  DeleteObjects: 0.017900 ms)

AssetImportParameters requested are different than current active one (requested -> active):
  custom:framework-win-MediaFoundation: 216162199b28c13a410421893ffa2e32 -> 
  custom:video-decoder-ogg-theora: a1e56fd34408186e4bbccfd4996cb3dc -> 
  custom:container-muxer-webm: aa71ff27fc2769a1b78a27578f13a17b -> 
  custom:container-demuxer-webm: 4f35f7cbe854078d1ac9338744f61a02 -> 
  custom:container-demuxer-ogg: 62fdf1f143b41e24485cea50d1cbac27 -> 
  custom:video-encoder-webm-vp8: eb34c28f22e8b96e1ab97ce403110664 -> 
  custom:video-codec-MediaFoundation-h265: 746d11721c4dcdbdad8f713fa42b33f4 -> 
  custom:video-decoder-webm-vp8: 9c59270c3fd7afecdb556c50c9e8de78 -> 
  custom:audio-decoder-ogg-vorbis: bf7c407c2cedff20999df2af8eb42d56 -> 
  custom:audio-encoder-webm-vorbis: bf7c407c2cedff20999df2af8eb42d56 -> 
========================================================================
Received Prepare
Registering precompiled user dll's ...
Registered in 0.003132 seconds.
Begin MonoManager ReloadAssembly
Native extension for WindowsStandalone target not found
Refreshing native plugins compatible for Editor in 0.46 ms, found 3 plugins.
Preloading 0 native plugins for Editor in 0.00 ms.
Mono: successfully reloaded assembly
- Completed reload, in  0.719 seconds
Domain Reload Profiling:
	ReloadAssembly (719ms)
		BeginReloadAssembly (113ms)
			ExecutionOrderSort (0ms)
			DisableScriptedObjects (4ms)
			BackupInstance (0ms)
			ReleaseScriptingObjects (0ms)
			CreateAndSetChildDomain (28ms)
		EndReloadAssembly (567ms)
			LoadAssemblies (97ms)
			RebuildTransferFunctionScriptingTraits (0ms)
			SetupTypeCache (203ms)
			ReleaseScriptCaches (1ms)
			RebuildScriptCaches (29ms)
			SetupLoadedEditorAssemblies (203ms)
				LogAssemblyErrors (0ms)
				InitializePlatformSupportModulesInManaged (3ms)
				SetLoadedEditorAssemblies (0ms)
				RefreshPlugins (1ms)
				BeforeProcessingInitializeOnLoad (58ms)
				ProcessInitializeOnLoadAttributes (131ms)
				ProcessInitializeOnLoadMethodAttributes (8ms)
				AfterProcessingInitializeOnLoad (1ms)
				EditorAssembliesLoaded (0ms)
			ExecutionOrderSort2 (0ms)
			AwakeInstancesAfterBackupRestoration (6ms)
Platform modules already initialized, skipping
Refreshing native plugins compatible for Editor in 0.41 ms, found 3 plugins.
Preloading 0 native plugins for Editor in 0.00 ms.
Unloading 2337 Unused Serialized files (Serialized files now loaded: 0)
System memory in use before: 106.2 MB.
System memory in use after: 106.5 MB.

Unloading 18 unused Assets to reduce memory usage. Loaded Objects now: 2799.
Total: 2.150300 ms (FindLiveObjects: 0.122900 ms CreateObjectMapping: 0.037800 ms MarkObjects: 1.976500 ms  DeleteObjects: 0.012400 ms)

AssetImportParameters requested are different than current active one (requested -> active):
  custom:framework-win-MediaFoundation: 216162199b28c13a410421893ffa2e32 -> 
  custom:video-decoder-ogg-theora: a1e56fd34408186e4bbccfd4996cb3dc -> 
  custom:container-muxer-webm: aa71ff27fc2769a1b78a27578f13a17b -> 
  custom:container-demuxer-webm: 4f35f7cbe854078d1ac9338744f61a02 -> 
  custom:container-demuxer-ogg: 62fdf1f143b41e24485cea50d1cbac27 -> 
  custom:video-encoder-webm-vp8: eb34c28f22e8b96e1ab97ce403110664 -> 
  custom:video-codec-MediaFoundation-h265: 746d11721c4dcdbdad8f713fa42b33f4 -> 
  custom:video-decoder-webm-vp8: 9c59270c3fd7afecdb556c50c9e8de78 -> 
  custom:audio-decoder-ogg-vorbis: bf7c407c2cedff20999df2af8eb42d56 -> 
  custom:audio-encoder-webm-vorbis: bf7c407c2cedff20999df2af8eb42d56 -> 
========================================================================
Received Import Request.
  Time since last request: 279.322002 seconds.
  path: Assets/Art/Animations/Robot.controller
  artifactKey: Guid(0ed61e9438f941442a06846b2c7b1d8b) Importer(815301076,1909f56bfc062723c751e8b465ee728b)
Start importing Assets/Art/Animations/Robot.controller using Guid(0ed61e9438f941442a06846b2c7b1d8b) Importer(815301076,1909f56bfc062723c751e8b465ee728b)  -> (artifact id: '61e4ec99eed55f026b3dcfa250dfb752') in 0.016868 seconds 
  Import took 0.020919 seconds .

========================================================================
Received Import Request.
  Time since last request: 0.894755 seconds.
  path: Assets/Art/Animations/RobotDown.anim
  artifactKey: Guid(d4e8a74cbf4fcd64fa2fd194a7fa366a) Importer(815301076,1909f56bfc062723c751e8b465ee728b)
Start importing Assets/Art/Animations/RobotDown.anim using Guid(d4e8a74cbf4fcd64fa2fd194a7fa366a) Importer(815301076,1909f56bfc062723c751e8b465ee728b)  -> (artifact id: '77ddd94f41866d611f168fabbd955d6c') in 0.004251 seconds 
  Import took 0.007679 seconds .

========================================================================
Received Import Request.
  Time since last request: 0.907134 seconds.
  path: Assets/Art/Animations/RobotFixed.anim
  artifactKey: Guid(05804259006966b45a1e06f6b846ded0) Importer(815301076,1909f56bfc062723c751e8b465ee728b)
Start importing Assets/Art/Animations/RobotFixed.anim using Guid(05804259006966b45a1e06f6b846ded0) Importer(815301076,1909f56bfc062723c751e8b465ee728b)  -> (artifact id: '492576e8d936ec32f27115ec7549da55') in 0.002167 seconds 
  Import took 0.007287 seconds .

========================================================================
Received Import Request.
  Time since last request: 0.435837 seconds.
  path: Assets/Art/Animations/RobotLeft.anim
  artifactKey: Guid(74b0f2795c9c8ed4f93a735cfb643603) Importer(815301076,1909f56bfc062723c751e8b465ee728b)
Start importing Assets/Art/Animations/RobotLeft.anim using Guid(74b0f2795c9c8ed4f93a735cfb643603) Importer(815301076,1909f56bfc062723c751e8b465ee728b)  -> (artifact id: '6b81d0b4df961919dcc6a1bcd27b3670') in 0.002104 seconds 
  Import took 0.007154 seconds .

========================================================================
Received Import Request.
  Time since last request: 0.393814 seconds.
  path: Assets/Art/Animations/RobotRight.anim
  artifactKey: Guid(e717c4b1f8226ea4eb0635bbb4891b25) Importer(815301076,1909f56bfc062723c751e8b465ee728b)
Start importing Assets/Art/Animations/RobotRight.anim using Guid(e717c4b1f8226ea4eb0635bbb4891b25) Importer(815301076,1909f56bfc062723c751e8b465ee728b)  -> (artifact id: '6ab62a84e6f4030e9da5945c83c95ff7') in 0.004010 seconds 
  Import took 0.008257 seconds .

AssetImportWorkerClient::OnTransportError - code=2 error=End of file
